[INFO] 04:48:36:469 El Diego/(7327:7327): Inicio del proceso

[INFO] 04:48:36:482 El Diego/(7327:7327): ---- Configuracion ----
[INFO] 04:48:36:483 El Diego/(7327:7327): PUERTO = 8001
[INFO] 04:48:36:483 El Diego/(7327:7327): IP_SAFA = 127.0.0.1
[INFO] 04:48:36:483 El Diego/(7327:7327): PUERTO_SAFA = 8000
[INFO] 04:48:36:483 El Diego/(7327:7327): IP_MDJ = 127.0.0.1
[INFO] 04:48:36:483 El Diego/(7327:7327): PUERTO_MDJ = 8002
[INFO] 04:48:36:483 El Diego/(7327:7327): IP_FM9 = 127.0.0.1
[INFO] 04:48:36:483 El Diego/(7327:7327): PUERTO_FM9 = 8003
[INFO] 04:48:36:483 El Diego/(7327:7327): TRANSFER_SIZE = 32
[INFO] 04:48:36:483 El Diego/(7327:7327): -----------------------
[INFO] 04:48:36:483 El Diego/(7327:7327): Conexion con S-AFA exitosa
[INFO] 04:48:36:484 El Diego/(7327:7327): Conexion con FM9 exitosa
[INFO] 04:48:36:484 El Diego/(7327:7327): Conexion con MDJ exitosa
[INFO] 04:48:50:926 El Diego/(7327:7327): Nueva conexion de CPU

[INFO] 04:49:05:390 El Diego/(7327:7327): Eeeeeeh voy a abrir laaaaa eeeel archivo "/scripts/simple.escriptorio" para mmmmm eeeel proceso 1
[INFO] 04:49:05:430 El Diego/(7327:7327): El archivo "/scripts/simple.escriptorio" fue abierto para el proceso 1 de forma exitosa
[INFO] 04:49:05:430 El Diego/(7327:7327): Se solicito al planificador desbloquear el proceso 1 luego de abrir el archivo /scripts/simple.escriptorio
[INFO] 04:49:07:582 El Diego/(7327:7327): Eeeeeeh voy a abrir laaaaa eeeel archivo "/scripts/complejo.escriptorio" para mmmmm eeeel proceso 1
[INFO] 04:49:07:623 El Diego/(7327:7327): El archivo "/scripts/complejo.escriptorio" fue abierto para el proceso 1 de forma exitosa
[INFO] 04:49:07:623 El Diego/(7327:7327): Se solicito al planificador desbloquear el proceso 1 luego de abrir el archivo /scripts/complejo.escriptorio
[ERROR] 04:49:28:282 El Diego/(7327:7327): Se intento abrir el archivo "scripts/complejo.escriptorio", pero el mismo no se encuentra en la ruta especificada o no existe
[INFO] 04:49:47:629 El Diego/(7327:7327): Eeeeeeh voy a abrir laaaaa eeeel archivo "/scripts/complejo.escriptorio" para mmmmm eeeel proceso 3
[INFO] 04:49:47:670 El Diego/(7327:7327): El archivo "/scripts/complejo.escriptorio" fue abierto para el proceso 3 de forma exitosa
[INFO] 04:49:47:670 El Diego/(7327:7327): Se solicito al planificador desbloquear el proceso 3 luego de abrir el archivo /scripts/complejo.escriptorio
[INFO] 04:49:48:751 El Diego/(7327:7327): Se creo el archivo "/equipos/Rafaela" para el proceso 3 de forma exitosa
[INFO] 04:49:48:751 El Diego/(7327:7327): Se solicito al planificador desbloquear el proceso 3 luego de crear el archivo /equipos/Rafaela
[INFO] 04:49:50:830 El Diego/(7327:7327): Eeeeeeh voy a abrir laaaaa eeeel archivo "/equipos/Rafaela" para mmmmm eeeel proceso 3
[INFO] 04:49:50:871 El Diego/(7327:7327): El archivo "/equipos/Rafaela" fue abierto para el proceso 3 de forma exitosa
[INFO] 04:49:50:872 El Diego/(7327:7327): Se solicito al planificador desbloquear el proceso 3 luego de abrir el archivo /equipos/Rafaela
[INFO] 04:49:52:331 El Diego/(7327:7327): Se guardara el archivo "/equipos/Rafaela" en el FS para el proceso 3
[INFO] 04:49:53:337 El Diego/(7327:7327): Se envio correctamente el contenido del archivo "/equipos/Rafaela" al FS
[INFO] 04:49:53:337 El Diego/(7327:7327): El archivo "/equipos/Rafaela" fue guardado en el FS para el proceso 3 de forma exitosa
[INFO] 04:49:53:337 El Diego/(7327:7327): Se solicito al planificador desbloquear el proceso 3 luego de guardar el archivo /equipos/Rafaela
[ERROR] 04:50:02:45 El Diego/(7327:7327): Se desconecto una CPU al intentar recibir un tarea...
[INFO] 04:50:30:894 El Diego/(7368:7368): Inicio del proceso

[INFO] 04:50:30:894 El Diego/(7368:7368): ---- Configuracion ----
[INFO] 04:50:30:894 El Diego/(7368:7368): PUERTO = 8001
[INFO] 04:50:30:894 El Diego/(7368:7368): IP_SAFA = 127.0.0.1
[INFO] 04:50:30:894 El Diego/(7368:7368): PUERTO_SAFA = 8000
[INFO] 04:50:30:894 El Diego/(7368:7368): IP_MDJ = 127.0.0.1
[INFO] 04:50:30:894 El Diego/(7368:7368): PUERTO_MDJ = 8002
[INFO] 04:50:30:894 El Diego/(7368:7368): IP_FM9 = 127.0.0.1
[INFO] 04:50:30:894 El Diego/(7368:7368): PUERTO_FM9 = 8003
[INFO] 04:50:30:894 El Diego/(7368:7368): TRANSFER_SIZE = 32
[INFO] 04:50:30:894 El Diego/(7368:7368): -----------------------
[INFO] 04:50:30:894 El Diego/(7368:7368): Conexion con S-AFA exitosa
[INFO] 04:50:30:896 El Diego/(7368:7368): Conexion con FM9 exitosa
[INFO] 04:50:30:897 El Diego/(7368:7368): Conexion con MDJ exitosa
[INFO] 04:50:32:566 El Diego/(7368:7368): Nueva conexion de CPU

[INFO] 04:50:43:949 El Diego/(7368:7368): Eeeeeeh voy a abrir laaaaa eeeel archivo "/scripts/simple.escriptorio" para mmmmm eeeel proceso 1
[INFO] 04:50:43:990 El Diego/(7368:7368): El archivo "/scripts/simple.escriptorio" fue abierto para el proceso 1 de forma exitosa
[INFO] 04:50:43:991 El Diego/(7368:7368): Se solicito al planificador desbloquear el proceso 1 luego de abrir el archivo /scripts/simple.escriptorio
[INFO] 04:50:46:114 El Diego/(7368:7368): Eeeeeeh voy a abrir laaaaa eeeel archivo "/scripts/complejo.escriptorio" para mmmmm eeeel proceso 1
[INFO] 04:50:46:157 El Diego/(7368:7368): El archivo "/scripts/complejo.escriptorio" fue abierto para el proceso 1 de forma exitosa
[INFO] 04:50:46:158 El Diego/(7368:7368): Se solicito al planificador desbloquear el proceso 1 luego de abrir el archivo /scripts/complejo.escriptorio
[ERROR] 04:50:48:715 El Diego/(7368:7368): Se desconecto una CPU al intentar recibir un tarea...
[INFO] 04:52:50:251 El Diego/(7431:7431): Inicio del proceso

[INFO] 04:52:50:273 El Diego/(7431:7431): ---- Configuracion ----
[INFO] 04:52:50:274 El Diego/(7431:7431): PUERTO = 8001
[INFO] 04:52:50:274 El Diego/(7431:7431): IP_SAFA = 127.0.0.1
[INFO] 04:52:50:274 El Diego/(7431:7431): PUERTO_SAFA = 8000
[INFO] 04:52:50:274 El Diego/(7431:7431): IP_MDJ = 127.0.0.1
[INFO] 04:52:50:274 El Diego/(7431:7431): PUERTO_MDJ = 8002
[INFO] 04:52:50:274 El Diego/(7431:7431): IP_FM9 = 127.0.0.1
[INFO] 04:52:50:274 El Diego/(7431:7431): PUERTO_FM9 = 8003
[INFO] 04:52:50:274 El Diego/(7431:7431): TRANSFER_SIZE = 32
[INFO] 04:52:50:274 El Diego/(7431:7431): -----------------------
[INFO] 04:52:50:274 El Diego/(7431:7431): Conexion con S-AFA exitosa
[INFO] 04:52:50:284 El Diego/(7431:7431): Conexion con FM9 exitosa
[INFO] 04:52:50:285 El Diego/(7431:7431): Conexion con MDJ exitosa
[INFO] 04:52:51:910 El Diego/(7431:7431): Nueva conexion de CPU

[ERROR] 04:53:24:333 El Diego/(7431:7431): Se desconecto una CPU al intentar recibir un tarea...
[INFO] 04:53:40:796 El Diego/(7455:7455): Inicio del proceso

[INFO] 04:53:40:796 El Diego/(7455:7455): ---- Configuracion ----
[INFO] 04:53:40:796 El Diego/(7455:7455): PUERTO = 8001
[INFO] 04:53:40:796 El Diego/(7455:7455): IP_SAFA = 127.0.0.1
[INFO] 04:53:40:796 El Diego/(7455:7455): PUERTO_SAFA = 8000
[INFO] 04:53:40:796 El Diego/(7455:7455): IP_MDJ = 127.0.0.1
[INFO] 04:53:40:796 El Diego/(7455:7455): PUERTO_MDJ = 8002
[INFO] 04:53:40:796 El Diego/(7455:7455): IP_FM9 = 127.0.0.1
[INFO] 04:53:40:796 El Diego/(7455:7455): PUERTO_FM9 = 8003
[INFO] 04:53:40:796 El Diego/(7455:7455): TRANSFER_SIZE = 32
[INFO] 04:53:40:796 El Diego/(7455:7455): -----------------------
[INFO] 04:53:40:796 El Diego/(7455:7455): Conexion con S-AFA exitosa
[INFO] 04:53:40:808 El Diego/(7455:7455): Conexion con FM9 exitosa
[INFO] 04:53:40:808 El Diego/(7455:7455): Conexion con MDJ exitosa
[INFO] 04:53:43:661 El Diego/(7455:7455): Nueva conexion de CPU

[INFO] 04:53:56:242 El Diego/(7455:7455): Eeeeeeh voy a abrir laaaaa eeeel archivo "/scripts/simple.escriptorio" para mmmmm eeeel proceso 1
[INFO] 04:53:56:361 El Diego/(7455:7455): El archivo "/scripts/simple.escriptorio" fue abierto para el proceso 1 de forma exitosa
[INFO] 04:53:56:361 El Diego/(7455:7455): Se solicito al planificador desbloquear el proceso 1 luego de abrir el archivo /scripts/simple.escriptorio
[INFO] 04:53:58:563 El Diego/(7455:7455): Eeeeeeh voy a abrir laaaaa eeeel archivo "/scripts/complejo.escriptorio" para mmmmm eeeel proceso 1
[INFO] 04:53:58:600 El Diego/(7455:7455): El archivo "/scripts/complejo.escriptorio" fue abierto para el proceso 1 de forma exitosa
[INFO] 04:53:58:600 El Diego/(7455:7455): Se solicito al planificador desbloquear el proceso 1 luego de abrir el archivo /scripts/complejo.escriptorio
[ERROR] 04:53:58:997 El Diego/(7455:7455): Se desconecto una CPU al intentar recibir un tarea...
[INFO] 04:55:38:527 El Diego/(7525:7525): Inicio del proceso

[INFO] 04:55:38:545 El Diego/(7525:7525): ---- Configuracion ----
[INFO] 04:55:38:545 El Diego/(7525:7525): PUERTO = 8001
[INFO] 04:55:38:545 El Diego/(7525:7525): IP_SAFA = 127.0.0.1
[INFO] 04:55:38:545 El Diego/(7525:7525): PUERTO_SAFA = 8000
[INFO] 04:55:38:546 El Diego/(7525:7525): IP_MDJ = 127.0.0.1
[INFO] 04:55:38:546 El Diego/(7525:7525): PUERTO_MDJ = 8002
[INFO] 04:55:38:546 El Diego/(7525:7525): IP_FM9 = 127.0.0.1
[INFO] 04:55:38:546 El Diego/(7525:7525): PUERTO_FM9 = 8003
[INFO] 04:55:38:546 El Diego/(7525:7525): TRANSFER_SIZE = 32
[INFO] 04:55:38:546 El Diego/(7525:7525): -----------------------
[INFO] 04:55:38:546 El Diego/(7525:7525): Conexion con S-AFA exitosa
[INFO] 04:55:38:574 El Diego/(7525:7525): Conexion con FM9 exitosa
[INFO] 04:55:38:576 El Diego/(7525:7525): Conexion con MDJ exitosa
[INFO] 04:55:40:297 El Diego/(7525:7525): Nueva conexion de CPU

[INFO] 04:55:52:986 El Diego/(7525:7525): Eeeeeeh voy a abrir laaaaa eeeel archivo "/scripts/simple.escriptorio" para mmmmm eeeel proceso 1
[INFO] 04:55:53:109 El Diego/(7525:7525): El archivo "/scripts/simple.escriptorio" fue abierto para el proceso 1 de forma exitosa
[INFO] 04:55:53:110 El Diego/(7525:7525): Se solicito al planificador desbloquear el proceso 1 luego de abrir el archivo /scripts/simple.escriptorio
[INFO] 04:55:55:281 El Diego/(7525:7525): Eeeeeeh voy a abrir laaaaa eeeel archivo "/scripts/complejo.escriptorio" para mmmmm eeeel proceso 1
[INFO] 04:55:55:318 El Diego/(7525:7525): El archivo "/scripts/complejo.escriptorio" fue abierto para el proceso 1 de forma exitosa
[INFO] 04:55:55:320 El Diego/(7525:7525): Se solicito al planificador desbloquear el proceso 1 luego de abrir el archivo /scripts/complejo.escriptorio
[ERROR] 04:55:55:694 El Diego/(7525:7525): Se desconecto una CPU al intentar recibir un tarea...
[INFO] 04:58:51:641 El Diego/(7630:7630): Inicio del proceso

[INFO] 04:58:51:676 El Diego/(7630:7630): ---- Configuracion ----
[INFO] 04:58:51:676 El Diego/(7630:7630): PUERTO = 8001
[INFO] 04:58:51:676 El Diego/(7630:7630): IP_SAFA = 127.0.0.1
[INFO] 04:58:51:677 El Diego/(7630:7630): PUERTO_SAFA = 8000
[INFO] 04:58:51:677 El Diego/(7630:7630): IP_MDJ = 127.0.0.1
[INFO] 04:58:51:677 El Diego/(7630:7630): PUERTO_MDJ = 8002
[INFO] 04:58:51:677 El Diego/(7630:7630): IP_FM9 = 127.0.0.1
[INFO] 04:58:51:677 El Diego/(7630:7630): PUERTO_FM9 = 8003
[INFO] 04:58:51:677 El Diego/(7630:7630): TRANSFER_SIZE = 32
[INFO] 04:58:51:677 El Diego/(7630:7630): -----------------------
[INFO] 04:58:51:677 El Diego/(7630:7630): Conexion con S-AFA exitosa
[INFO] 04:58:51:696 El Diego/(7630:7630): Conexion con FM9 exitosa
[INFO] 04:58:51:696 El Diego/(7630:7630): Conexion con MDJ exitosa
[INFO] 04:58:54:480 El Diego/(7630:7630): Nueva conexion de CPU

[INFO] 04:59:05:749 El Diego/(7630:7630): Eeeeeeh voy a abrir laaaaa eeeel archivo "/scripts/simple.escriptorio" para mmmmm eeeel proceso 1
[INFO] 04:59:05:829 El Diego/(7630:7630): El archivo "/scripts/simple.escriptorio" fue abierto para el proceso 1 de forma exitosa
[INFO] 04:59:05:829 El Diego/(7630:7630): Se solicito al planificador desbloquear el proceso 1 luego de abrir el archivo /scripts/simple.escriptorio
[INFO] 04:59:08:7 El Diego/(7630:7630): Eeeeeeh voy a abrir laaaaa eeeel archivo "/scripts/complejo.escriptorio" para mmmmm eeeel proceso 1
[INFO] 04:59:08:64 El Diego/(7630:7630): El archivo "/scripts/complejo.escriptorio" fue abierto para el proceso 1 de forma exitosa
[INFO] 04:59:08:64 El Diego/(7630:7630): Se solicito al planificador desbloquear el proceso 1 luego de abrir el archivo /scripts/complejo.escriptorio
[ERROR] 04:59:08:565 El Diego/(7630:7630): Se desconecto una CPU al intentar recibir un tarea...
[INFO] 05:05:59:809 El Diego/(7743:7743): Inicio del proceso

[INFO] 05:05:59:830 El Diego/(7743:7743): ---- Configuracion ----
[INFO] 05:05:59:830 El Diego/(7743:7743): PUERTO = 8001
[INFO] 05:05:59:830 El Diego/(7743:7743): IP_SAFA = 127.0.0.1
[INFO] 05:05:59:830 El Diego/(7743:7743): PUERTO_SAFA = 8000
[INFO] 05:05:59:830 El Diego/(7743:7743): IP_MDJ = 127.0.0.1
[INFO] 05:05:59:830 El Diego/(7743:7743): PUERTO_MDJ = 8002
[INFO] 05:05:59:830 El Diego/(7743:7743): IP_FM9 = 127.0.0.1
[INFO] 05:05:59:830 El Diego/(7743:7743): PUERTO_FM9 = 8003
[INFO] 05:05:59:830 El Diego/(7743:7743): TRANSFER_SIZE = 32
[INFO] 05:05:59:830 El Diego/(7743:7743): -----------------------
[INFO] 05:05:59:830 El Diego/(7743:7743): Conexion con S-AFA exitosa
[INFO] 05:05:59:849 El Diego/(7743:7743): Conexion con FM9 exitosa
[INFO] 05:05:59:852 El Diego/(7743:7743): Conexion con MDJ exitosa
[INFO] 05:06:02:432 El Diego/(7743:7743): Nueva conexion de CPU

[INFO] 05:06:13:264 El Diego/(7743:7743): Eeeeeeh voy a abrir laaaaa eeeel archivo "/scripts/simple.escriptorio" para mmmmm eeeel proceso 1
[INFO] 05:06:13:372 El Diego/(7743:7743): El archivo "/scripts/simple.escriptorio" fue abierto para el proceso 1 de forma exitosa
[INFO] 05:06:13:372 El Diego/(7743:7743): Se solicito al planificador desbloquear el proceso 1 luego de abrir el archivo /scripts/simple.escriptorio
[INFO] 05:06:15:581 El Diego/(7743:7743): Eeeeeeh voy a abrir laaaaa eeeel archivo "/scripts/complejo.escriptorio" para mmmmm eeeel proceso 1
[INFO] 05:06:15:590 El Diego/(7743:7743): El archivo "/scripts/complejo.escriptorio" fue abierto para el proceso 1 de forma exitosa
[INFO] 05:06:15:590 El Diego/(7743:7743): Se solicito al planificador desbloquear el proceso 1 luego de abrir el archivo /scripts/complejo.escriptorio
[ERROR] 05:06:24:589 El Diego/(7743:7743): Se desconecto una CPU al intentar recibir un tarea...
[INFO] 05:07:18:935 El Diego/(7784:7784): Inicio del proceso

[INFO] 05:07:18:964 El Diego/(7784:7784): ---- Configuracion ----
[INFO] 05:07:18:965 El Diego/(7784:7784): PUERTO = 8001
[INFO] 05:07:18:965 El Diego/(7784:7784): IP_SAFA = 127.0.0.1
[INFO] 05:07:18:965 El Diego/(7784:7784): PUERTO_SAFA = 8000
[INFO] 05:07:18:965 El Diego/(7784:7784): IP_MDJ = 127.0.0.1
[INFO] 05:07:18:965 El Diego/(7784:7784): PUERTO_MDJ = 8002
[INFO] 05:07:18:965 El Diego/(7784:7784): IP_FM9 = 127.0.0.1
[INFO] 05:07:18:965 El Diego/(7784:7784): PUERTO_FM9 = 8003
[INFO] 05:07:18:965 El Diego/(7784:7784): TRANSFER_SIZE = 32
[INFO] 05:07:18:965 El Diego/(7784:7784): -----------------------
[INFO] 05:07:18:966 El Diego/(7784:7784): Conexion con S-AFA exitosa
[INFO] 05:07:18:0 El Diego/(7784:7784): Conexion con FM9 exitosa
[INFO] 05:07:18:0 El Diego/(7784:7784): Conexion con MDJ exitosa
[INFO] 05:07:20:705 El Diego/(7784:7784): Nueva conexion de CPU

[INFO] 05:07:36:954 El Diego/(7784:7784): Eeeeeeh voy a abrir laaaaa eeeel archivo "/scripts/simple.escriptorio" para mmmmm eeeel proceso 1
[INFO] 05:07:37:31 El Diego/(7784:7784): El archivo "/scripts/simple.escriptorio" fue abierto para el proceso 1 de forma exitosa
[INFO] 05:07:37:31 El Diego/(7784:7784): Se solicito al planificador desbloquear el proceso 1 luego de abrir el archivo /scripts/simple.escriptorio
[INFO] 05:07:39:210 El Diego/(7784:7784): Eeeeeeh voy a abrir laaaaa eeeel archivo "/scripts/complejo.escriptorio" para mmmmm eeeel proceso 1
[INFO] 05:07:39:265 El Diego/(7784:7784): El archivo "/scripts/complejo.escriptorio" fue abierto para el proceso 1 de forma exitosa
[INFO] 05:07:39:265 El Diego/(7784:7784): Se solicito al planificador desbloquear el proceso 1 luego de abrir el archivo /scripts/complejo.escriptorio
[ERROR] 05:07:39:619 El Diego/(7784:7784): Se desconecto una CPU al intentar recibir un tarea...
[INFO] 05:13:23:554 El Diego/(7962:7962): Inicio del proceso

[INFO] 05:13:23:607 El Diego/(7962:7962): ---- Configuracion ----
[INFO] 05:13:23:609 El Diego/(7962:7962): PUERTO = 8001
[INFO] 05:13:23:609 El Diego/(7962:7962): IP_SAFA = 127.0.0.1
[INFO] 05:13:23:609 El Diego/(7962:7962): PUERTO_SAFA = 8000
[INFO] 05:13:23:610 El Diego/(7962:7962): IP_MDJ = 127.0.0.1
[INFO] 05:13:23:611 El Diego/(7962:7962): PUERTO_MDJ = 8002
[INFO] 05:13:23:611 El Diego/(7962:7962): IP_FM9 = 127.0.0.1
[INFO] 05:13:23:611 El Diego/(7962:7962): PUERTO_FM9 = 8003
[INFO] 05:13:23:611 El Diego/(7962:7962): TRANSFER_SIZE = 32
[INFO] 05:13:23:611 El Diego/(7962:7962): -----------------------
[INFO] 05:13:23:614 El Diego/(7962:7962): Conexion con S-AFA exitosa
[INFO] 05:13:23:632 El Diego/(7962:7962): Conexion con FM9 exitosa
[INFO] 05:13:23:632 El Diego/(7962:7962): Conexion con MDJ exitosa
[INFO] 05:13:25:241 El Diego/(7962:7962): Nueva conexion de CPU

[INFO] 05:13:35:550 El Diego/(7962:7962): Eeeeeeh voy a abrir laaaaa eeeel archivo "/scripts/simple.escriptorio" para mmmmm eeeel proceso 1
[INFO] 05:13:35:643 El Diego/(7962:7962): El archivo "/scripts/simple.escriptorio" fue abierto para el proceso 1 de forma exitosa
[INFO] 05:13:35:643 El Diego/(7962:7962): Se solicito al planificador desbloquear el proceso 1 luego de abrir el archivo /scripts/simple.escriptorio
[INFO] 05:13:37:810 El Diego/(7962:7962): Eeeeeeh voy a abrir laaaaa eeeel archivo "/scripts/complejo.escriptorio" para mmmmm eeeel proceso 1
[INFO] 05:13:37:830 El Diego/(7962:7962): El archivo "/scripts/complejo.escriptorio" fue abierto para el proceso 1 de forma exitosa
[INFO] 05:13:37:830 El Diego/(7962:7962): Se solicito al planificador desbloquear el proceso 1 luego de abrir el archivo /scripts/complejo.escriptorio
[ERROR] 05:13:38:421 El Diego/(7962:7962): Se desconecto una CPU al intentar recibir un tarea...
[INFO] 05:20:45:234 El Diego/(8128:8128): Inicio del proceso

[INFO] 05:20:45:260 El Diego/(8128:8128): ---- Configuracion ----
[INFO] 05:20:45:261 El Diego/(8128:8128): PUERTO = 8001
[INFO] 05:20:45:262 El Diego/(8128:8128): IP_SAFA = 127.0.0.1
[INFO] 05:20:45:262 El Diego/(8128:8128): PUERTO_SAFA = 8000
[INFO] 05:20:45:262 El Diego/(8128:8128): IP_MDJ = 127.0.0.1
[INFO] 05:20:45:262 El Diego/(8128:8128): PUERTO_MDJ = 8002
[INFO] 05:20:45:262 El Diego/(8128:8128): IP_FM9 = 127.0.0.1
[INFO] 05:20:45:262 El Diego/(8128:8128): PUERTO_FM9 = 8003
[INFO] 05:20:45:262 El Diego/(8128:8128): TRANSFER_SIZE = 32
[INFO] 05:20:45:262 El Diego/(8128:8128): -----------------------
[INFO] 05:20:45:262 El Diego/(8128:8128): Conexion con S-AFA exitosa
[INFO] 05:20:45:316 El Diego/(8128:8128): Conexion con FM9 exitosa
[INFO] 05:20:45:317 El Diego/(8128:8128): Conexion con MDJ exitosa
[INFO] 05:20:47:218 El Diego/(8128:8128): Nueva conexion de CPU

[INFO] 05:21:01:741 El Diego/(8128:8128): Eeeeeeh voy a abrir laaaaa eeeel archivo "/scripts/simple.escriptorio" para mmmmm eeeel proceso 1
[INFO] 05:21:01:859 El Diego/(8128:8128): El archivo "/scripts/simple.escriptorio" fue abierto para el proceso 1 de forma exitosa
[INFO] 05:21:01:859 El Diego/(8128:8128): Se solicito al planificador desbloquear el proceso 1 luego de abrir el archivo /scripts/simple.escriptorio
[INFO] 05:21:04:48 El Diego/(8128:8128): Eeeeeeh voy a abrir laaaaa eeeel archivo "/scripts/complejo.escriptorio" para mmmmm eeeel proceso 1
[INFO] 05:21:04:58 El Diego/(8128:8128): El archivo "/scripts/complejo.escriptorio" fue abierto para el proceso 1 de forma exitosa
[INFO] 05:21:04:66 El Diego/(8128:8128): Se solicito al planificador desbloquear el proceso 1 luego de abrir el archivo /scripts/complejo.escriptorio
[ERROR] 05:21:04:456 El Diego/(8128:8128): Se desconecto una CPU al intentar recibir un tarea...
[INFO] 05:25:23:529 El Diego/(8304:8304): Inicio del proceso

[INFO] 05:25:23:576 El Diego/(8304:8304): ---- Configuracion ----
[INFO] 05:25:23:577 El Diego/(8304:8304): PUERTO = 8001
[INFO] 05:25:23:577 El Diego/(8304:8304): IP_SAFA = 127.0.0.1
[INFO] 05:25:23:577 El Diego/(8304:8304): PUERTO_SAFA = 8000
[INFO] 05:25:23:577 El Diego/(8304:8304): IP_MDJ = 127.0.0.1
[INFO] 05:25:23:577 El Diego/(8304:8304): PUERTO_MDJ = 8002
[INFO] 05:25:23:578 El Diego/(8304:8304): IP_FM9 = 127.0.0.1
[INFO] 05:25:23:578 El Diego/(8304:8304): PUERTO_FM9 = 8003
[INFO] 05:25:23:578 El Diego/(8304:8304): TRANSFER_SIZE = 32
[INFO] 05:25:23:578 El Diego/(8304:8304): -----------------------
[INFO] 05:25:23:578 El Diego/(8304:8304): Conexion con S-AFA exitosa
[INFO] 05:25:23:619 El Diego/(8304:8304): Conexion con FM9 exitosa
[INFO] 05:25:23:620 El Diego/(8304:8304): Conexion con MDJ exitosa
[INFO] 05:25:25:493 El Diego/(8304:8304): Nueva conexion de CPU

[INFO] 05:25:38:234 El Diego/(8304:8304): Eeeeeeh voy a abrir laaaaa eeeel archivo "/scripts/simple.escriptorio" para mmmmm eeeel proceso 1
[INFO] 05:25:38:318 El Diego/(8304:8304): El archivo "/scripts/simple.escriptorio" fue abierto para el proceso 1 de forma exitosa
[INFO] 05:25:38:318 El Diego/(8304:8304): Se solicito al planificador desbloquear el proceso 1 luego de abrir el archivo /scripts/simple.escriptorio
[INFO] 05:25:40:506 El Diego/(8304:8304): Eeeeeeh voy a abrir laaaaa eeeel archivo "/scripts/complejo.escriptorio" para mmmmm eeeel proceso 1
[INFO] 05:25:40:530 El Diego/(8304:8304): El archivo "/scripts/complejo.escriptorio" fue abierto para el proceso 1 de forma exitosa
[INFO] 05:25:40:530 El Diego/(8304:8304): Se solicito al planificador desbloquear el proceso 1 luego de abrir el archivo /scripts/complejo.escriptorio
[ERROR] 05:25:40:939 El Diego/(8304:8304): Se desconecto una CPU al intentar recibir un tarea...
[INFO] 05:33:15:189 El Diego/(8520:8520): Inicio del proceso

[INFO] 05:33:15:224 El Diego/(8520:8520): ---- Configuracion ----
[INFO] 05:33:15:224 El Diego/(8520:8520): PUERTO = 8001
[INFO] 05:33:15:224 El Diego/(8520:8520): IP_SAFA = 127.0.0.1
[INFO] 05:33:15:224 El Diego/(8520:8520): PUERTO_SAFA = 8000
[INFO] 05:33:15:224 El Diego/(8520:8520): IP_MDJ = 127.0.0.1
[INFO] 05:33:15:224 El Diego/(8520:8520): PUERTO_MDJ = 8002
[INFO] 05:33:15:224 El Diego/(8520:8520): IP_FM9 = 127.0.0.1
[INFO] 05:33:15:224 El Diego/(8520:8520): PUERTO_FM9 = 8003
[INFO] 05:33:15:224 El Diego/(8520:8520): TRANSFER_SIZE = 32
[INFO] 05:33:15:224 El Diego/(8520:8520): -----------------------
[INFO] 05:33:15:224 El Diego/(8520:8520): Conexion con S-AFA exitosa
[INFO] 05:33:15:233 El Diego/(8520:8520): Conexion con FM9 exitosa
[INFO] 05:33:15:234 El Diego/(8520:8520): Conexion con MDJ exitosa
[INFO] 05:33:16:964 El Diego/(8520:8520): Nueva conexion de CPU

[INFO] 05:33:30:245 El Diego/(8520:8520): Eeeeeeh voy a abrir laaaaa eeeel archivo "/scripts/simple.escriptorio" para mmmmm eeeel proceso 1
[INFO] 05:33:30:322 El Diego/(8520:8520): El archivo "/scripts/simple.escriptorio" fue abierto para el proceso 1 de forma exitosa
[INFO] 05:33:30:322 El Diego/(8520:8520): Se solicito al planificador desbloquear el proceso 1 luego de abrir el archivo /scripts/simple.escriptorio
[INFO] 05:33:32:561 El Diego/(8520:8520): Eeeeeeh voy a abrir laaaaa eeeel archivo "/scripts/complejo.escriptorio" para mmmmm eeeel proceso 1
[INFO] 05:33:32:609 El Diego/(8520:8520): El archivo "/scripts/complejo.escriptorio" fue abierto para el proceso 1 de forma exitosa
[INFO] 05:33:32:610 El Diego/(8520:8520): Se solicito al planificador desbloquear el proceso 1 luego de abrir el archivo /scripts/complejo.escriptorio
[ERROR] 05:33:33:195 El Diego/(8520:8520): Se desconecto una CPU al intentar recibir un tarea...
[INFO] 05:38:21:88 El Diego/(8691:8691): Inicio del proceso

[INFO] 05:38:21:175 El Diego/(8691:8691): ---- Configuracion ----
[INFO] 05:38:21:175 El Diego/(8691:8691): PUERTO = 8001
[INFO] 05:38:21:175 El Diego/(8691:8691): IP_SAFA = 127.0.0.1
[INFO] 05:38:21:175 El Diego/(8691:8691): PUERTO_SAFA = 8000
[INFO] 05:38:21:175 El Diego/(8691:8691): IP_MDJ = 127.0.0.1
[INFO] 05:38:21:175 El Diego/(8691:8691): PUERTO_MDJ = 8002
[INFO] 05:38:21:175 El Diego/(8691:8691): IP_FM9 = 127.0.0.1
[INFO] 05:38:21:175 El Diego/(8691:8691): PUERTO_FM9 = 8003
[INFO] 05:38:21:175 El Diego/(8691:8691): TRANSFER_SIZE = 32
[INFO] 05:38:21:175 El Diego/(8691:8691): -----------------------
[INFO] 05:38:21:175 El Diego/(8691:8691): Conexion con S-AFA exitosa
[INFO] 05:38:21:184 El Diego/(8691:8691): Conexion con FM9 exitosa
[INFO] 05:38:21:184 El Diego/(8691:8691): Conexion con MDJ exitosa
[INFO] 05:38:23:637 El Diego/(8691:8691): Nueva conexion de CPU

[INFO] 05:38:35:557 El Diego/(8691:8691): Eeeeeeh voy a abrir laaaaa eeeel archivo "/scripts/simple.escriptorio" para mmmmm eeeel proceso 1
[INFO] 05:38:35:627 El Diego/(8691:8691): El archivo "/scripts/simple.escriptorio" fue abierto para el proceso 1 de forma exitosa
[INFO] 05:38:35:627 El Diego/(8691:8691): Se solicito al planificador desbloquear el proceso 1 luego de abrir el archivo /scripts/simple.escriptorio
[INFO] 05:38:37:830 El Diego/(8691:8691): Eeeeeeh voy a abrir laaaaa eeeel archivo "/scripts/complejo.escriptorio" para mmmmm eeeel proceso 1
[INFO] 05:38:37:877 El Diego/(8691:8691): El archivo "/scripts/complejo.escriptorio" fue abierto para el proceso 1 de forma exitosa
[INFO] 05:38:37:878 El Diego/(8691:8691): Se solicito al planificador desbloquear el proceso 1 luego de abrir el archivo /scripts/complejo.escriptorio
[ERROR] 05:38:38:363 El Diego/(8691:8691): Se desconecto una CPU al intentar recibir un tarea...
[INFO] 05:42:30:898 El Diego/(8797:8797): Inicio del proceso

[INFO] 05:42:30:949 El Diego/(8797:8797): ---- Configuracion ----
[INFO] 05:42:30:949 El Diego/(8797:8797): PUERTO = 8001
[INFO] 05:42:30:949 El Diego/(8797:8797): IP_SAFA = 127.0.0.1
[INFO] 05:42:30:949 El Diego/(8797:8797): PUERTO_SAFA = 8000
[INFO] 05:42:30:949 El Diego/(8797:8797): IP_MDJ = 127.0.0.1
[INFO] 05:42:30:949 El Diego/(8797:8797): PUERTO_MDJ = 8002
[INFO] 05:42:30:949 El Diego/(8797:8797): IP_FM9 = 127.0.0.1
[INFO] 05:42:30:950 El Diego/(8797:8797): PUERTO_FM9 = 8003
[INFO] 05:42:30:950 El Diego/(8797:8797): TRANSFER_SIZE = 32
[INFO] 05:42:30:950 El Diego/(8797:8797): -----------------------
[INFO] 05:42:30:950 El Diego/(8797:8797): Conexion con S-AFA exitosa
[INFO] 05:42:30:958 El Diego/(8797:8797): Conexion con FM9 exitosa
[INFO] 05:42:30:959 El Diego/(8797:8797): Conexion con MDJ exitosa
[INFO] 05:42:32:540 El Diego/(8797:8797): Nueva conexion de CPU

[INFO] 05:42:43:313 El Diego/(8797:8797): Eeeeeeh voy a abrir laaaaa eeeel archivo "/scripts/simple.escriptorio" para mmmmm eeeel proceso 1
[INFO] 05:42:43:405 El Diego/(8797:8797): El archivo "/scripts/simple.escriptorio" fue abierto para el proceso 1 de forma exitosa
[INFO] 05:42:43:405 El Diego/(8797:8797): Se solicito al planificador desbloquear el proceso 1 luego de abrir el archivo /scripts/simple.escriptorio
[INFO] 05:42:45:581 El Diego/(8797:8797): Eeeeeeh voy a abrir laaaaa eeeel archivo "/scripts/complejo.escriptorio" para mmmmm eeeel proceso 1
[INFO] 05:42:45:590 El Diego/(8797:8797): El archivo "/scripts/complejo.escriptorio" fue abierto para el proceso 1 de forma exitosa
[INFO] 05:42:45:590 El Diego/(8797:8797): Se solicito al planificador desbloquear el proceso 1 luego de abrir el archivo /scripts/complejo.escriptorio
[ERROR] 05:42:46:121 El Diego/(8797:8797): Se desconecto una CPU al intentar recibir un tarea...
[INFO] 05:56:22:850 El Diego/(3784:3784): Inicio del proceso

[INFO] 05:56:22:936 El Diego/(3784:3784): ---- Configuracion ----
[INFO] 05:56:22:936 El Diego/(3784:3784): PUERTO = 8001
[INFO] 05:56:22:936 El Diego/(3784:3784): IP_SAFA = 127.0.0.1
[INFO] 05:56:22:936 El Diego/(3784:3784): PUERTO_SAFA = 8000
[INFO] 05:56:22:936 El Diego/(3784:3784): IP_MDJ = 127.0.0.1
[INFO] 05:56:22:936 El Diego/(3784:3784): PUERTO_MDJ = 8002
[INFO] 05:56:22:936 El Diego/(3784:3784): IP_FM9 = 127.0.0.1
[INFO] 05:56:22:936 El Diego/(3784:3784): PUERTO_FM9 = 8003
[INFO] 05:56:22:936 El Diego/(3784:3784): TRANSFER_SIZE = 32
[INFO] 05:56:22:936 El Diego/(3784:3784): -----------------------
[INFO] 05:56:22:936 El Diego/(3784:3784): Conexion con S-AFA exitosa
[INFO] 05:56:22:952 El Diego/(3784:3784): Conexion con FM9 exitosa
[INFO] 05:56:22:953 El Diego/(3784:3784): Conexion con MDJ exitosa
[INFO] 05:56:35:251 El Diego/(3784:3784): Nueva conexion de CPU

[INFO] 05:56:49:111 El Diego/(3784:3784): Eeeeeeh voy a abrir laaaaa eeeel archivo "/scripts/simple.escriptorio" para mmmmm eeeel proceso 1
[INFO] 05:56:49:220 El Diego/(3784:3784): El archivo "/scripts/simple.escriptorio" fue abierto para el proceso 1 de forma exitosa
[INFO] 05:56:49:220 El Diego/(3784:3784): Se solicito al planificador desbloquear el proceso 1 luego de abrir el archivo /scripts/simple.escriptorio
[INFO] 05:56:51:415 El Diego/(3784:3784): Eeeeeeh voy a abrir laaaaa eeeel archivo "/scripts/complejo.escriptorio" para mmmmm eeeel proceso 1
[INFO] 05:56:51:437 El Diego/(3784:3784): El archivo "/scripts/complejo.escriptorio" fue abierto para el proceso 1 de forma exitosa
[INFO] 05:56:51:437 El Diego/(3784:3784): Se solicito al planificador desbloquear el proceso 1 luego de abrir el archivo /scripts/complejo.escriptorio
[ERROR] 05:56:52:116 El Diego/(3784:3784): Se desconecto una CPU al intentar recibir un tarea...
[INFO] 05:59:48:182 El Diego/(3876:3876): Inicio del proceso

[INFO] 05:59:48:182 El Diego/(3876:3876): ---- Configuracion ----
[INFO] 05:59:48:182 El Diego/(3876:3876): PUERTO = 8001
[INFO] 05:59:48:182 El Diego/(3876:3876): IP_SAFA = 127.0.0.1
[INFO] 05:59:48:182 El Diego/(3876:3876): PUERTO_SAFA = 8000
[INFO] 05:59:48:182 El Diego/(3876:3876): IP_MDJ = 127.0.0.1
[INFO] 05:59:48:182 El Diego/(3876:3876): PUERTO_MDJ = 8002
[INFO] 05:59:48:182 El Diego/(3876:3876): IP_FM9 = 127.0.0.1
[INFO] 05:59:48:182 El Diego/(3876:3876): PUERTO_FM9 = 8003
[INFO] 05:59:48:182 El Diego/(3876:3876): TRANSFER_SIZE = 32
[INFO] 05:59:48:182 El Diego/(3876:3876): -----------------------
[INFO] 05:59:48:183 El Diego/(3876:3876): Conexion con S-AFA exitosa
[ERROR] 05:59:48:183 El Diego/(3876:3876): connect
[ERROR] 05:59:48:183 El Diego/(3876:3876): Error al conectar con FM9
[INFO] 06:00:19:18 El Diego/(3888:3888): Inicio del proceso

[INFO] 06:00:19:19 El Diego/(3888:3888): ---- Configuracion ----
[INFO] 06:00:19:19 El Diego/(3888:3888): PUERTO = 8001
[INFO] 06:00:19:19 El Diego/(3888:3888): IP_SAFA = 127.0.0.1
[INFO] 06:00:19:19 El Diego/(3888:3888): PUERTO_SAFA = 8000
[INFO] 06:00:19:19 El Diego/(3888:3888): IP_MDJ = 127.0.0.1
[INFO] 06:00:19:19 El Diego/(3888:3888): PUERTO_MDJ = 8002
[INFO] 06:00:19:19 El Diego/(3888:3888): IP_FM9 = 127.0.0.1
[INFO] 06:00:19:19 El Diego/(3888:3888): PUERTO_FM9 = 8003
[INFO] 06:00:19:19 El Diego/(3888:3888): TRANSFER_SIZE = 32
[INFO] 06:00:19:19 El Diego/(3888:3888): -----------------------
[INFO] 06:00:19:19 El Diego/(3888:3888): Conexion con S-AFA exitosa
[INFO] 06:00:19:47 El Diego/(3888:3888): Conexion con FM9 exitosa
[INFO] 06:00:19:48 El Diego/(3888:3888): Conexion con MDJ exitosa
[INFO] 06:00:21:288 El Diego/(3888:3888): Nueva conexion de CPU

[ERROR] 06:00:43:425 El Diego/(3888:3888): Se intento abrir el archivo "/scripts/complejo.escriptorioejecutar", pero el mismo no se encuentra en la ruta especificada o no existe
[INFO] 06:01:01:347 El Diego/(3888:3888): Eeeeeeh voy a abrir laaaaa eeeel archivo "/scripts/complejo.escriptorio" para mmmmm eeeel proceso 3
[INFO] 06:01:01:434 El Diego/(3888:3888): El archivo "/scripts/complejo.escriptorio" fue abierto para el proceso 3 de forma exitosa
[INFO] 06:01:01:435 El Diego/(3888:3888): Se solicito al planificador desbloquear el proceso 3 luego de abrir el archivo /scripts/complejo.escriptorio
[INFO] 06:01:02:548 El Diego/(3888:3888): Se creo el archivo "/equipos/Rafaela" para el proceso 3 de forma exitosa
[INFO] 06:01:02:548 El Diego/(3888:3888): Se solicito al planificador desbloquear el proceso 3 luego de crear el archivo /equipos/Rafaela
[INFO] 06:01:04:631 El Diego/(3888:3888): Eeeeeeh voy a abrir laaaaa eeeel archivo "/equipos/Rafaela" para mmmmm eeeel proceso 3
[INFO] 06:01:04:640 El Diego/(3888:3888): El archivo "/equipos/Rafaela" fue abierto para el proceso 3 de forma exitosa
[INFO] 06:01:04:640 El Diego/(3888:3888): Se solicito al planificador desbloquear el proceso 3 luego de abrir el archivo /equipos/Rafaela
[ERROR] 06:02:13:96 El Diego/(3888:3888): DMAFunctions (getFileFromMemory) - La memoria fue desconectada al intentar recibir la cantidad de lineas del archivo recibido
[INFO] 06:02:13:96 El Diego/(3888:3888): Debido a un error en la comunicacion con la memoria, este proceso se cerrara
[INFO] 06:02:26:35 El Diego/(3956:3956): Inicio del proceso

[INFO] 06:02:26:35 El Diego/(3956:3956): ---- Configuracion ----
[INFO] 06:02:26:35 El Diego/(3956:3956): PUERTO = 8001
[INFO] 06:02:26:35 El Diego/(3956:3956): IP_SAFA = 127.0.0.1
[INFO] 06:02:26:35 El Diego/(3956:3956): PUERTO_SAFA = 8000
[INFO] 06:02:26:35 El Diego/(3956:3956): IP_MDJ = 127.0.0.1
[INFO] 06:02:26:35 El Diego/(3956:3956): PUERTO_MDJ = 8002
[INFO] 06:02:26:35 El Diego/(3956:3956): IP_FM9 = 127.0.0.1
[INFO] 06:02:26:35 El Diego/(3956:3956): PUERTO_FM9 = 8003
[INFO] 06:02:26:35 El Diego/(3956:3956): TRANSFER_SIZE = 32
[INFO] 06:02:26:35 El Diego/(3956:3956): -----------------------
[INFO] 06:02:26:35 El Diego/(3956:3956): Conexion con S-AFA exitosa
[INFO] 06:02:26:391 El Diego/(3956:3956): Conexion con FM9 exitosa
[INFO] 06:02:26:392 El Diego/(3956:3956): Conexion con MDJ exitosa
[INFO] 06:02:27:802 El Diego/(3956:3956): Nueva conexion de CPU

[INFO] 06:02:41:679 El Diego/(3956:3956): Eeeeeeh voy a abrir laaaaa eeeel archivo "/scripts/simple.escriptorio" para mmmmm eeeel proceso 1
[INFO] 06:02:41:880 El Diego/(3956:3956): El archivo "/scripts/simple.escriptorio" fue abierto para el proceso 1 de forma exitosa
[INFO] 06:02:41:880 El Diego/(3956:3956): Se solicito al planificador desbloquear el proceso 1 luego de abrir el archivo /scripts/simple.escriptorio
[INFO] 06:02:44:112 El Diego/(3956:3956): Eeeeeeh voy a abrir laaaaa eeeel archivo "/scripts/complejo.escriptorio" para mmmmm eeeel proceso 1
[INFO] 06:02:44:159 El Diego/(3956:3956): El archivo "/scripts/complejo.escriptorio" fue abierto para el proceso 1 de forma exitosa
[INFO] 06:02:44:159 El Diego/(3956:3956): Se solicito al planificador desbloquear el proceso 1 luego de abrir el archivo /scripts/complejo.escriptorio
[ERROR] 06:02:45:253 El Diego/(3956:3956): Se desconecto una CPU al intentar recibir un tarea...
[INFO] 06:06:12:33 El Diego/(4098:4098): Inicio del proceso

[INFO] 06:06:12:62 El Diego/(4098:4098): ---- Configuracion ----
[INFO] 06:06:12:62 El Diego/(4098:4098): PUERTO = 8001
[INFO] 06:06:12:62 El Diego/(4098:4098): IP_SAFA = 127.0.0.1
[INFO] 06:06:12:62 El Diego/(4098:4098): PUERTO_SAFA = 8000
[INFO] 06:06:12:62 El Diego/(4098:4098): IP_MDJ = 127.0.0.1
[INFO] 06:06:12:62 El Diego/(4098:4098): PUERTO_MDJ = 8002
[INFO] 06:06:12:62 El Diego/(4098:4098): IP_FM9 = 127.0.0.1
[INFO] 06:06:12:62 El Diego/(4098:4098): PUERTO_FM9 = 8003
[INFO] 06:06:12:62 El Diego/(4098:4098): TRANSFER_SIZE = 32
[INFO] 06:06:12:62 El Diego/(4098:4098): -----------------------
[INFO] 06:06:12:62 El Diego/(4098:4098): Conexion con S-AFA exitosa
[INFO] 06:06:12:87 El Diego/(4098:4098): Conexion con FM9 exitosa
[INFO] 06:06:12:87 El Diego/(4098:4098): Conexion con MDJ exitosa
[INFO] 06:06:13:446 El Diego/(4098:4098): Nueva conexion de CPU

[ERROR] 06:06:38:737 El Diego/(4098:4098): Se desconecto una CPU al intentar recibir un tarea...
[INFO] 06:06:50:745 El Diego/(4127:4127): Inicio del proceso

[INFO] 06:06:50:746 El Diego/(4127:4127): ---- Configuracion ----
[INFO] 06:06:50:746 El Diego/(4127:4127): PUERTO = 8001
[INFO] 06:06:50:746 El Diego/(4127:4127): IP_SAFA = 127.0.0.1
[INFO] 06:06:50:746 El Diego/(4127:4127): PUERTO_SAFA = 8000
[INFO] 06:06:50:746 El Diego/(4127:4127): IP_MDJ = 127.0.0.1
[INFO] 06:06:50:746 El Diego/(4127:4127): PUERTO_MDJ = 8002
[INFO] 06:06:50:746 El Diego/(4127:4127): IP_FM9 = 127.0.0.1
[INFO] 06:06:50:746 El Diego/(4127:4127): PUERTO_FM9 = 8003
[INFO] 06:06:50:746 El Diego/(4127:4127): TRANSFER_SIZE = 32
[INFO] 06:06:50:746 El Diego/(4127:4127): -----------------------
[INFO] 06:06:50:746 El Diego/(4127:4127): Conexion con S-AFA exitosa
[INFO] 06:06:50:763 El Diego/(4127:4127): Conexion con FM9 exitosa
[INFO] 06:06:50:763 El Diego/(4127:4127): Conexion con MDJ exitosa
[INFO] 06:06:52:141 El Diego/(4127:4127): Nueva conexion de CPU

[INFO] 06:07:02:939 El Diego/(4127:4127): Eeeeeeh voy a abrir laaaaa eeeel archivo "/scripts/simple.escriptorio" para mmmmm eeeel proceso 1
[INFO] 06:07:03:33 El Diego/(4127:4127): El archivo "/scripts/simple.escriptorio" fue abierto para el proceso 1 de forma exitosa
[INFO] 06:07:03:34 El Diego/(4127:4127): Se solicito al planificador desbloquear el proceso 1 luego de abrir el archivo /scripts/simple.escriptorio
[INFO] 06:07:05:207 El Diego/(4127:4127): Eeeeeeh voy a abrir laaaaa eeeel archivo "/scripts/complejo.escriptorio" para mmmmm eeeel proceso 1
[INFO] 06:07:05:225 El Diego/(4127:4127): El archivo "/scripts/complejo.escriptorio" fue abierto para el proceso 1 de forma exitosa
[INFO] 06:07:05:225 El Diego/(4127:4127): Se solicito al planificador desbloquear el proceso 1 luego de abrir el archivo /scripts/complejo.escriptorio
[INFO] 06:08:13:135 El Diego/(4127:4127): Eeeeeeh voy a abrir laaaaa eeeel archivo "/scripts/complejo.escriptorio" para mmmmm eeeel proceso 2
[INFO] 06:08:13:181 El Diego/(4127:4127): El archivo "/scripts/complejo.escriptorio" fue abierto para el proceso 2 de forma exitosa
[INFO] 06:08:13:181 El Diego/(4127:4127): Se solicito al planificador desbloquear el proceso 2 luego de abrir el archivo /scripts/complejo.escriptorio
[INFO] 06:08:14:264 El Diego/(4127:4127): Se creo el archivo "/equipos/Rafaela" para el proceso 2 de forma exitosa
[INFO] 06:08:14:264 El Diego/(4127:4127): Se solicito al planificador desbloquear el proceso 2 luego de crear el archivo /equipos/Rafaela
[INFO] 06:08:16:387 El Diego/(4127:4127): Eeeeeeh voy a abrir laaaaa eeeel archivo "/equipos/Rafaela" para mmmmm eeeel proceso 2
[INFO] 06:08:16:431 El Diego/(4127:4127): El archivo "/equipos/Rafaela" fue abierto para el proceso 2 de forma exitosa
[INFO] 06:08:16:431 El Diego/(4127:4127): Se solicito al planificador desbloquear el proceso 2 luego de abrir el archivo /equipos/Rafaela
[ERROR] 06:08:55:491 El Diego/(4127:4127): DMAFunctions (getFileFromMemory) - La memoria fue desconectada al intentar recibir la cantidad de lineas del archivo recibido
[INFO] 06:08:55:491 El Diego/(4127:4127): Debido a un error en la comunicacion con la memoria, este proceso se cerrara
[INFO] 06:14:31:502 El Diego/(4422:4422): Inicio del proceso

[INFO] 06:14:31:530 El Diego/(4422:4422): ---- Configuracion ----
[INFO] 06:14:31:530 El Diego/(4422:4422): PUERTO = 8001
[INFO] 06:14:31:530 El Diego/(4422:4422): IP_SAFA = 127.0.0.1
[INFO] 06:14:31:530 El Diego/(4422:4422): PUERTO_SAFA = 8000
[INFO] 06:14:31:530 El Diego/(4422:4422): IP_MDJ = 127.0.0.1
[INFO] 06:14:31:530 El Diego/(4422:4422): PUERTO_MDJ = 8002
[INFO] 06:14:31:530 El Diego/(4422:4422): IP_FM9 = 127.0.0.1
[INFO] 06:14:31:531 El Diego/(4422:4422): PUERTO_FM9 = 8003
[INFO] 06:14:31:531 El Diego/(4422:4422): TRANSFER_SIZE = 32
[INFO] 06:14:31:531 El Diego/(4422:4422): -----------------------
[INFO] 06:14:31:531 El Diego/(4422:4422): Conexion con S-AFA exitosa
[INFO] 06:14:31:531 El Diego/(4422:4422): Conexion con FM9 exitosa
[INFO] 06:14:31:532 El Diego/(4422:4422): Conexion con MDJ exitosa
[INFO] 06:14:33:684 El Diego/(4422:4422): Nueva conexion de CPU

[INFO] 06:14:46:655 El Diego/(4422:4422): Eeeeeeh voy a abrir laaaaa eeeel archivo "/scripts/simple.escriptorio" para mmmmm eeeel proceso 1
[INFO] 06:14:46:695 El Diego/(4422:4422): El archivo "/scripts/simple.escriptorio" fue abierto para el proceso 1 de forma exitosa
[INFO] 06:14:46:696 El Diego/(4422:4422): Se solicito al planificador desbloquear el proceso 1 luego de abrir el archivo /scripts/simple.escriptorio
[INFO] 06:14:48:851 El Diego/(4422:4422): Eeeeeeh voy a abrir laaaaa eeeel archivo "/scripts/complejo.escriptorio" para mmmmm eeeel proceso 1
[INFO] 06:14:48:892 El Diego/(4422:4422): El archivo "/scripts/complejo.escriptorio" fue abierto para el proceso 1 de forma exitosa
[INFO] 06:14:48:892 El Diego/(4422:4422): Se solicito al planificador desbloquear el proceso 1 luego de abrir el archivo /scripts/complejo.escriptorio
[INFO] 06:15:05:999 El Diego/(4422:4422): Eeeeeeh voy a abrir laaaaa eeeel archivo "/scripts/complejo.escriptorio" para mmmmm eeeel proceso 2
[INFO] 06:15:06:40 El Diego/(4422:4422): El archivo "/scripts/complejo.escriptorio" fue abierto para el proceso 2 de forma exitosa
[INFO] 06:15:06:40 El Diego/(4422:4422): Se solicito al planificador desbloquear el proceso 2 luego de abrir el archivo /scripts/complejo.escriptorio
[INFO] 06:15:07:121 El Diego/(4422:4422): Se creo el archivo "/equipos/Rafaela" para el proceso 2 de forma exitosa
[INFO] 06:15:07:122 El Diego/(4422:4422): Se solicito al planificador desbloquear el proceso 2 luego de crear el archivo /equipos/Rafaela
[INFO] 06:15:09:203 El Diego/(4422:4422): Eeeeeeh voy a abrir laaaaa eeeel archivo "/equipos/Rafaela" para mmmmm eeeel proceso 2
[INFO] 06:15:09:243 El Diego/(4422:4422): El archivo "/equipos/Rafaela" fue abierto para el proceso 2 de forma exitosa
[INFO] 06:15:09:244 El Diego/(4422:4422): Se solicito al planificador desbloquear el proceso 2 luego de abrir el archivo /equipos/Rafaela
[ERROR] 06:16:10:222 El Diego/(4422:4422): DMAFunctions (getFileFromMemory) - La memoria fue desconectada al intentar recibir la cantidad de lineas del archivo recibido
[INFO] 06:16:10:223 El Diego/(4422:4422): Debido a un error en la comunicacion con la memoria, este proceso se cerrara
[INFO] 06:16:45:204 El Diego/(4566:4566): Inicio del proceso

[INFO] 06:16:45:204 El Diego/(4566:4566): ---- Configuracion ----
[INFO] 06:16:45:204 El Diego/(4566:4566): PUERTO = 8001
[INFO] 06:16:45:204 El Diego/(4566:4566): IP_SAFA = 127.0.0.1
[INFO] 06:16:45:205 El Diego/(4566:4566): PUERTO_SAFA = 8000
[INFO] 06:16:45:205 El Diego/(4566:4566): IP_MDJ = 127.0.0.1
[INFO] 06:16:45:205 El Diego/(4566:4566): PUERTO_MDJ = 8002
[INFO] 06:16:45:205 El Diego/(4566:4566): IP_FM9 = 127.0.0.1
[INFO] 06:16:45:205 El Diego/(4566:4566): PUERTO_FM9 = 8003
[INFO] 06:16:45:205 El Diego/(4566:4566): TRANSFER_SIZE = 32
[INFO] 06:16:45:205 El Diego/(4566:4566): -----------------------
[INFO] 06:16:45:205 El Diego/(4566:4566): Conexion con S-AFA exitosa
[INFO] 06:16:45:205 El Diego/(4566:4566): Conexion con FM9 exitosa
[INFO] 06:16:45:205 El Diego/(4566:4566): Conexion con MDJ exitosa
[INFO] 06:16:46:977 El Diego/(4566:4566): Nueva conexion de CPU

[INFO] 06:17:01:631 El Diego/(4566:4566): Eeeeeeh voy a abrir laaaaa eeeel archivo "/scripts/simple.escriptorio" para mmmmm eeeel proceso 1
[INFO] 06:17:01:672 El Diego/(4566:4566): El archivo "/scripts/simple.escriptorio" fue abierto para el proceso 1 de forma exitosa
[INFO] 06:17:01:672 El Diego/(4566:4566): Se solicito al planificador desbloquear el proceso 1 luego de abrir el archivo /scripts/simple.escriptorio
[INFO] 06:17:03:791 El Diego/(4566:4566): Eeeeeeh voy a abrir laaaaa eeeel archivo "/scripts/complejo.escriptorio" para mmmmm eeeel proceso 1
[INFO] 06:17:03:832 El Diego/(4566:4566): El archivo "/scripts/complejo.escriptorio" fue abierto para el proceso 1 de forma exitosa
[INFO] 06:17:03:832 El Diego/(4566:4566): Se solicito al planificador desbloquear el proceso 1 luego de abrir el archivo /scripts/complejo.escriptorio
[INFO] 06:17:18:159 El Diego/(4566:4566): Eeeeeeh voy a abrir laaaaa eeeel archivo "/scripts/complejo.escriptorio" para mmmmm eeeel proceso 2
[INFO] 06:17:18:200 El Diego/(4566:4566): El archivo "/scripts/complejo.escriptorio" fue abierto para el proceso 2 de forma exitosa
[INFO] 06:17:18:200 El Diego/(4566:4566): Se solicito al planificador desbloquear el proceso 2 luego de abrir el archivo /scripts/complejo.escriptorio
[INFO] 06:17:19:357 El Diego/(4566:4566): Se creo el archivo "/equipos/Rafaela" para el proceso 2 de forma exitosa
[INFO] 06:17:19:357 El Diego/(4566:4566): Se solicito al planificador desbloquear el proceso 2 luego de crear el archivo /equipos/Rafaela
[INFO] 06:17:21:435 El Diego/(4566:4566): Eeeeeeh voy a abrir laaaaa eeeel archivo "/equipos/Rafaela" para mmmmm eeeel proceso 2
[INFO] 06:17:21:475 El Diego/(4566:4566): El archivo "/equipos/Rafaela" fue abierto para el proceso 2 de forma exitosa
[INFO] 06:17:21:476 El Diego/(4566:4566): Se solicito al planificador desbloquear el proceso 2 luego de abrir el archivo /equipos/Rafaela
[ERROR] 06:18:46:779 El Diego/(4566:4566): DMAFunctions (getFileFromMemory) - La memoria fue desconectada al intentar recibir la cantidad de lineas del archivo recibido
[INFO] 06:18:46:780 El Diego/(4566:4566): Debido a un error en la comunicacion con la memoria, este proceso se cerrara
[INFO] 06:19:25:12 El Diego/(4645:4645): Inicio del proceso

[INFO] 06:19:25:12 El Diego/(4645:4645): ---- Configuracion ----
[INFO] 06:19:25:12 El Diego/(4645:4645): PUERTO = 8001
[INFO] 06:19:25:12 El Diego/(4645:4645): IP_SAFA = 127.0.0.1
[INFO] 06:19:25:12 El Diego/(4645:4645): PUERTO_SAFA = 8000
[INFO] 06:19:25:42 El Diego/(4645:4645): IP_MDJ = 127.0.0.1
[INFO] 06:19:25:42 El Diego/(4645:4645): PUERTO_MDJ = 8002
[INFO] 06:19:25:42 El Diego/(4645:4645): IP_FM9 = 127.0.0.1
[INFO] 06:19:25:42 El Diego/(4645:4645): PUERTO_FM9 = 8003
[INFO] 06:19:25:42 El Diego/(4645:4645): TRANSFER_SIZE = 32
[INFO] 06:19:25:42 El Diego/(4645:4645): -----------------------
[INFO] 06:19:25:42 El Diego/(4645:4645): Conexion con S-AFA exitosa
[INFO] 06:19:25:43 El Diego/(4645:4645): Conexion con FM9 exitosa
[INFO] 06:19:25:43 El Diego/(4645:4645): Conexion con MDJ exitosa
[INFO] 06:19:26:922 El Diego/(4645:4645): Nueva conexion de CPU

[INFO] 06:19:39:111 El Diego/(4645:4645): Eeeeeeh voy a abrir laaaaa eeeel archivo "/scripts/simple.escriptorio" para mmmmm eeeel proceso 1
[INFO] 06:19:39:151 El Diego/(4645:4645): El archivo "/scripts/simple.escriptorio" fue abierto para el proceso 1 de forma exitosa
[INFO] 06:19:39:152 El Diego/(4645:4645): Se solicito al planificador desbloquear el proceso 1 luego de abrir el archivo /scripts/simple.escriptorio
[INFO] 06:19:41:307 El Diego/(4645:4645): Eeeeeeh voy a abrir laaaaa eeeel archivo "/scripts/complejo.escriptorio" para mmmmm eeeel proceso 1
[INFO] 06:19:41:352 El Diego/(4645:4645): El archivo "/scripts/complejo.escriptorio" fue abierto para el proceso 1 de forma exitosa
[INFO] 06:19:41:352 El Diego/(4645:4645): Se solicito al planificador desbloquear el proceso 1 luego de abrir el archivo /scripts/complejo.escriptorio
[INFO] 06:19:53:287 El Diego/(4645:4645): Eeeeeeh voy a abrir laaaaa eeeel archivo "/scripts/complejo.escriptorio" para mmmmm eeeel proceso 2
[INFO] 06:19:53:328 El Diego/(4645:4645): El archivo "/scripts/complejo.escriptorio" fue abierto para el proceso 2 de forma exitosa
[INFO] 06:19:53:328 El Diego/(4645:4645): Se solicito al planificador desbloquear el proceso 2 luego de abrir el archivo /scripts/complejo.escriptorio
[INFO] 06:19:54:420 El Diego/(4645:4645): Se creo el archivo "/equipos/Rafaela" para el proceso 2 de forma exitosa
[INFO] 06:19:54:420 El Diego/(4645:4645): Se solicito al planificador desbloquear el proceso 2 luego de crear el archivo /equipos/Rafaela
[INFO] 06:19:56:499 El Diego/(4645:4645): Eeeeeeh voy a abrir laaaaa eeeel archivo "/equipos/Rafaela" para mmmmm eeeel proceso 2
[INFO] 06:19:56:539 El Diego/(4645:4645): El archivo "/equipos/Rafaela" fue abierto para el proceso 2 de forma exitosa
[INFO] 06:19:56:540 El Diego/(4645:4645): Se solicito al planificador desbloquear el proceso 2 luego de abrir el archivo /equipos/Rafaela
[INFO] 06:19:57:987 El Diego/(4645:4645): Se guardara el archivo "/equipos/Rafaela" en el FS para el proceso 2
[INFO] 06:19:58:988 El Diego/(4645:4645): Se envio correctamente el contenido del archivo "/equipos/Rafaela" al FS
[INFO] 06:19:58:988 El Diego/(4645:4645): El archivo "/equipos/Rafaela" fue guardado en el FS para el proceso 2 de forma exitosa
[INFO] 06:19:58:989 El Diego/(4645:4645): Se solicito al planificador desbloquear el proceso 2 luego de guardar el archivo /equipos/Rafaela
[INFO] 06:23:12:742 El Diego/(4729:4729): Inicio del proceso

[INFO] 06:23:12:742 El Diego/(4729:4729): ---- Configuracion ----
[INFO] 06:23:12:742 El Diego/(4729:4729): PUERTO = 8001
[INFO] 06:23:12:742 El Diego/(4729:4729): IP_SAFA = 127.0.0.1
[INFO] 06:23:12:742 El Diego/(4729:4729): PUERTO_SAFA = 8000
[INFO] 06:23:12:742 El Diego/(4729:4729): IP_MDJ = 127.0.0.1
[INFO] 06:23:12:742 El Diego/(4729:4729): PUERTO_MDJ = 8002
[INFO] 06:23:12:742 El Diego/(4729:4729): IP_FM9 = 127.0.0.1
[INFO] 06:23:12:742 El Diego/(4729:4729): PUERTO_FM9 = 8003
[INFO] 06:23:12:742 El Diego/(4729:4729): TRANSFER_SIZE = 32
[INFO] 06:23:12:742 El Diego/(4729:4729): -----------------------
[INFO] 06:23:12:743 El Diego/(4729:4729): Conexion con S-AFA exitosa
[INFO] 06:23:12:743 El Diego/(4729:4729): Conexion con FM9 exitosa
[INFO] 06:23:12:743 El Diego/(4729:4729): Conexion con MDJ exitosa
[INFO] 06:23:14:598 El Diego/(4729:4729): Nueva conexion de CPU

[INFO] 06:23:28:123 El Diego/(4729:4729): Eeeeeeh voy a abrir laaaaa eeeel archivo "/scripts/simple.escriptorio" para mmmmm eeeel proceso 1
[INFO] 06:23:28:166 El Diego/(4729:4729): El archivo "/scripts/simple.escriptorio" fue abierto para el proceso 1 de forma exitosa
[INFO] 06:23:28:167 El Diego/(4729:4729): Se solicito al planificador desbloquear el proceso 1 luego de abrir el archivo /scripts/simple.escriptorio
[INFO] 06:23:30:312 El Diego/(4729:4729): Eeeeeeh voy a abrir laaaaa eeeel archivo "/scripts/complejo.escriptorio" para mmmmm eeeel proceso 1
[INFO] 06:23:30:352 El Diego/(4729:4729): El archivo "/scripts/complejo.escriptorio" fue abierto para el proceso 1 de forma exitosa
[INFO] 06:23:30:352 El Diego/(4729:4729): Se solicito al planificador desbloquear el proceso 1 luego de abrir el archivo /scripts/complejo.escriptorio
[INFO] 06:24:35:213 El Diego/(4729:4729): Eeeeeeh voy a abrir laaaaa eeeel archivo "/scripts/complejo.escriptorio" para mmmmm eeeel proceso 2
[INFO] 06:24:35:252 El Diego/(4729:4729): El archivo "/scripts/complejo.escriptorio" fue abierto para el proceso 2 de forma exitosa
[INFO] 06:24:35:253 El Diego/(4729:4729): Se solicito al planificador desbloquear el proceso 2 luego de abrir el archivo /scripts/complejo.escriptorio
[INFO] 06:24:36:366 El Diego/(4729:4729): Se creo el archivo "/equipos/Rafaela" para el proceso 2 de forma exitosa
[INFO] 06:24:36:366 El Diego/(4729:4729): Se solicito al planificador desbloquear el proceso 2 luego de crear el archivo /equipos/Rafaela
[INFO] 06:24:38:463 El Diego/(4729:4729): Eeeeeeh voy a abrir laaaaa eeeel archivo "/equipos/Rafaela" para mmmmm eeeel proceso 2
[INFO] 06:24:38:514 El Diego/(4729:4729): El archivo "/equipos/Rafaela" fue abierto para el proceso 2 de forma exitosa
[INFO] 06:24:38:514 El Diego/(4729:4729): Se solicito al planificador desbloquear el proceso 2 luego de abrir el archivo /equipos/Rafaela
[ERROR] 06:30:49:742 El Diego/(4729:4729): DMAFunctions (getFileFromMemory) - La memoria fue desconectada al intentar recibir la cantidad de lineas del archivo recibido
[INFO] 06:30:49:770 El Diego/(4729:4729): Debido a un error en la comunicacion con la memoria, este proceso se cerrara
[INFO] 06:31:05:444 El Diego/(4880:4880): Inicio del proceso

[INFO] 06:31:05:450 El Diego/(4880:4880): ---- Configuracion ----
[INFO] 06:31:05:450 El Diego/(4880:4880): PUERTO = 8001
[INFO] 06:31:05:450 El Diego/(4880:4880): IP_SAFA = 127.0.0.1
[INFO] 06:31:05:450 El Diego/(4880:4880): PUERTO_SAFA = 8000
[INFO] 06:31:05:450 El Diego/(4880:4880): IP_MDJ = 127.0.0.1
[INFO] 06:31:05:450 El Diego/(4880:4880): PUERTO_MDJ = 8002
[INFO] 06:31:05:450 El Diego/(4880:4880): IP_FM9 = 127.0.0.1
[INFO] 06:31:05:450 El Diego/(4880:4880): PUERTO_FM9 = 8003
[INFO] 06:31:05:450 El Diego/(4880:4880): TRANSFER_SIZE = 32
[INFO] 06:31:05:450 El Diego/(4880:4880): -----------------------
[INFO] 06:31:05:451 El Diego/(4880:4880): Conexion con S-AFA exitosa
[INFO] 06:31:05:451 El Diego/(4880:4880): Conexion con FM9 exitosa
[INFO] 06:31:05:451 El Diego/(4880:4880): Conexion con MDJ exitosa
[INFO] 06:31:07:387 El Diego/(4880:4880): Nueva conexion de CPU

[ERROR] 06:31:33:618 El Diego/(4880:4880): Se desconecto una CPU al intentar recibir un tarea...
[INFO] 06:31:40:206 El Diego/(4902:4902): Inicio del proceso

[INFO] 06:31:40:218 El Diego/(4902:4902): ---- Configuracion ----
[INFO] 06:31:40:219 El Diego/(4902:4902): PUERTO = 8001
[INFO] 06:31:40:219 El Diego/(4902:4902): IP_SAFA = 127.0.0.1
[INFO] 06:31:40:219 El Diego/(4902:4902): PUERTO_SAFA = 8000
[INFO] 06:31:40:219 El Diego/(4902:4902): IP_MDJ = 127.0.0.1
[INFO] 06:31:40:219 El Diego/(4902:4902): PUERTO_MDJ = 8002
[INFO] 06:31:40:219 El Diego/(4902:4902): IP_FM9 = 127.0.0.1
[INFO] 06:31:40:219 El Diego/(4902:4902): PUERTO_FM9 = 8003
[INFO] 06:31:40:219 El Diego/(4902:4902): TRANSFER_SIZE = 32
[INFO] 06:31:40:219 El Diego/(4902:4902): -----------------------
[INFO] 06:31:40:219 El Diego/(4902:4902): Conexion con S-AFA exitosa
[INFO] 06:31:40:245 El Diego/(4902:4902): Conexion con FM9 exitosa
[INFO] 06:31:40:245 El Diego/(4902:4902): Conexion con MDJ exitosa
[INFO] 06:31:41:744 El Diego/(4902:4902): Nueva conexion de CPU

[INFO] 06:31:55:799 El Diego/(4902:4902): Eeeeeeh voy a abrir laaaaa eeeel archivo "/scripts/simple.escriptorio" para mmmmm eeeel proceso 1
[INFO] 06:31:55:884 El Diego/(4902:4902): El archivo "/scripts/simple.escriptorio" fue abierto para el proceso 1 de forma exitosa
[INFO] 06:31:55:884 El Diego/(4902:4902): Se solicito al planificador desbloquear el proceso 1 luego de abrir el archivo /scripts/simple.escriptorio
[INFO] 06:31:58:55 El Diego/(4902:4902): Eeeeeeh voy a abrir laaaaa eeeel archivo "/scripts/complejo.escriptorio" para mmmmm eeeel proceso 1
[INFO] 06:31:58:63 El Diego/(4902:4902): El archivo "/scripts/complejo.escriptorio" fue abierto para el proceso 1 de forma exitosa
[INFO] 06:31:58:63 El Diego/(4902:4902): Se solicito al planificador desbloquear el proceso 1 luego de abrir el archivo /scripts/complejo.escriptorio
[INFO] 06:32:30:899 El Diego/(4902:4902): Eeeeeeh voy a abrir laaaaa eeeel archivo "/scripts/complejo.escriptorio" para mmmmm eeeel proceso 2
[INFO] 06:32:30:952 El Diego/(4902:4902): El archivo "/scripts/complejo.escriptorio" fue abierto para el proceso 2 de forma exitosa
[INFO] 06:32:30:953 El Diego/(4902:4902): Se solicito al planificador desbloquear el proceso 2 luego de abrir el archivo /scripts/complejo.escriptorio
[INFO] 06:32:32:60 El Diego/(4902:4902): Se creo el archivo "/equipos/Rafaela" para el proceso 2 de forma exitosa
[INFO] 06:32:32:61 El Diego/(4902:4902): Se solicito al planificador desbloquear el proceso 2 luego de crear el archivo /equipos/Rafaela
[INFO] 06:32:34:148 El Diego/(4902:4902): Eeeeeeh voy a abrir laaaaa eeeel archivo "/equipos/Rafaela" para mmmmm eeeel proceso 2
[INFO] 06:32:34:192 El Diego/(4902:4902): El archivo "/equipos/Rafaela" fue abierto para el proceso 2 de forma exitosa
[INFO] 06:32:34:192 El Diego/(4902:4902): Se solicito al planificador desbloquear el proceso 2 luego de abrir el archivo /equipos/Rafaela
[ERROR] 06:36:36:575 El Diego/(4902:4902): DMAFunctions (getFileFromMemory) - La memoria fue desconectada al intentar recibir la cantidad de lineas del archivo recibido
[INFO] 06:36:36:652 El Diego/(4902:4902): Debido a un error en la comunicacion con la memoria, este proceso se cerrara
[INFO] 06:54:31:339 El Diego/(5249:5249): Inicio del proceso

[INFO] 06:54:31:368 El Diego/(5249:5249): ---- Configuracion ----
[INFO] 06:54:31:368 El Diego/(5249:5249): PUERTO = 8001
[INFO] 06:54:31:368 El Diego/(5249:5249): IP_SAFA = 127.0.0.1
[INFO] 06:54:31:368 El Diego/(5249:5249): PUERTO_SAFA = 8000
[INFO] 06:54:31:368 El Diego/(5249:5249): IP_MDJ = 127.0.0.1
[INFO] 06:54:31:368 El Diego/(5249:5249): PUERTO_MDJ = 8002
[INFO] 06:54:31:368 El Diego/(5249:5249): IP_FM9 = 127.0.0.1
[INFO] 06:54:31:368 El Diego/(5249:5249): PUERTO_FM9 = 8003
[INFO] 06:54:31:368 El Diego/(5249:5249): TRANSFER_SIZE = 32
[INFO] 06:54:31:368 El Diego/(5249:5249): -----------------------
[INFO] 06:54:31:368 El Diego/(5249:5249): Conexion con S-AFA exitosa
[INFO] 06:54:31:390 El Diego/(5249:5249): Conexion con FM9 exitosa
[INFO] 06:54:31:390 El Diego/(5249:5249): Conexion con MDJ exitosa
[INFO] 06:54:36:483 El Diego/(5249:5249): Nueva conexion de CPU

[INFO] 06:55:18:331 El Diego/(5249:5249): Eeeeeeh voy a abrir laaaaa eeeel archivo "/scripts/simple.escriptorio" para mmmmm eeeel proceso 2
[INFO] 06:55:18:398 El Diego/(5249:5249): El archivo "/scripts/simple.escriptorio" fue abierto para el proceso 2 de forma exitosa
[INFO] 06:55:18:398 El Diego/(5249:5249): Se solicito al planificador desbloquear el proceso 2 luego de abrir el archivo /scripts/simple.escriptorio
[INFO] 06:55:20:599 El Diego/(5249:5249): Eeeeeeh voy a abrir laaaaa eeeel archivo "/scripts/complejo.escriptorio" para mmmmm eeeel proceso 2
[INFO] 06:55:20:647 El Diego/(5249:5249): El archivo "/scripts/complejo.escriptorio" fue abierto para el proceso 2 de forma exitosa
[INFO] 06:55:20:647 El Diego/(5249:5249): Se solicito al planificador desbloquear el proceso 2 luego de abrir el archivo /scripts/complejo.escriptorio
[INFO] 06:55:32:455 El Diego/(5249:5249): Eeeeeeh voy a abrir laaaaa eeeel archivo "/scripts/complejo.escriptorio" para mmmmm eeeel proceso 3
[INFO] 06:55:32:503 El Diego/(5249:5249): El archivo "/scripts/complejo.escriptorio" fue abierto para el proceso 3 de forma exitosa
[INFO] 06:55:32:503 El Diego/(5249:5249): Se solicito al planificador desbloquear el proceso 3 luego de abrir el archivo /scripts/complejo.escriptorio
[INFO] 06:55:33:619 El Diego/(5249:5249): Se creo el archivo "/equipos/Rafaela" para el proceso 3 de forma exitosa
[INFO] 06:55:33:619 El Diego/(5249:5249): Se solicito al planificador desbloquear el proceso 3 luego de crear el archivo /equipos/Rafaela
[INFO] 06:55:35:703 El Diego/(5249:5249): Eeeeeeh voy a abrir laaaaa eeeel archivo "/equipos/Rafaela" para mmmmm eeeel proceso 3
[INFO] 06:55:35:755 El Diego/(5249:5249): El archivo "/equipos/Rafaela" fue abierto para el proceso 3 de forma exitosa
[INFO] 06:55:35:756 El Diego/(5249:5249): Se solicito al planificador desbloquear el proceso 3 luego de abrir el archivo /equipos/Rafaela
[ERROR] 06:56:40:674 El Diego/(5249:5249): DMAFunctions (getFileFromMemory) - La memoria fue desconectada al intentar recibir la cantidad de lineas del archivo recibido
[INFO] 06:56:40:674 El Diego/(5249:5249): Debido a un error en la comunicacion con la memoria, este proceso se cerrara
